<?xml version="1.0" encoding="UTF-8"?>
<testsuite name="VendingMachineTest" tests="1" skipped="0" failures="0" errors="0" timestamp="2019-10-12T20:47:35" hostname="users-MacBook-Pro.local" time="0.548">
  <properties/>
  <testcase name="sequentialOrders" classname="VendingMachineTest" time="0.548"/>
  <system-out><![CDATA[]]></system-out>
  <system-err><![CDATA[]]></system-err>
</testsuite>
